<?xml version="1.0" encoding="UTF-8"?>
<!-- Generated by org.testng.reporters.JUnitReportReporter -->
<testsuite hostname="DESKTOP-TT34VD9" failures="0" tests="1" name="com.Zerodha.TestPackage.TC01VerifyLoginFunctionality" time="11.432" errors="0" timestamp="2022-08-10T21:32:03 IST" skipped="0">
  <testcase classname="com.Zerodha.TestPackage.TC01VerifyLoginFunctionality" name="verifyLoginZerodha" time="11.432"/>
  <system-out/>
</testsuite> <!-- com.Zerodha.TestPackage.TC01VerifyLoginFunctionality -->
